Assembler report for stopper
Sun Aug 28 01:38:31 2022
Quartus II 64-Bit Version 14.0.0 Build 200 06/17/2014 SJ Web Edition


---------------------
; Table of Contents ;
---------------------
  1. Legal Notice
  2. Assembler Summary
  3. Assembler Settings
  4. Assembler Generated Files
  5. Assembler Device Options: C:/Users/peppa/Desktop/ruppin/digital curcuits final/project/organizer/stopper.sof
  6. Assembler Messages



----------------
; Legal Notice ;
----------------
Copyright (C) 1991-2014 Altera Corporation. All rights reserved.
Your use of Altera Corporation's design tools, logic functions 
and other software and tools, and its AMPP partner logic 
functions, and any output files from any of the foregoing 
(including device programming or simulation files), and any 
associated documentation or information are expressly subject 
to the terms and conditions of the Altera Program License 
Subscription Agreement, the Altera Quartus II License Agreement,
the Altera MegaCore Function License Agreement, or other 
applicable license agreement, including, without limitation, 
that your use is for the sole purpose of programming logic 
devices manufactured by Altera and sold by Altera or its 
authorized distributors.  Please refer to the applicable 
agreement for further details.



+---------------------------------------------------------------+
; Assembler Summary                                             ;
+-----------------------+---------------------------------------+
; Assembler Status      ; Successful - Sun Aug 28 01:38:31 2022 ;
; Revision Name         ; stopper                               ;
; Top-level Entity Name ; periphery                             ;
; Family                ; Cyclone V                             ;
; Device                ; 5CGXFC7C7F23C8                        ;
+-----------------------+---------------------------------------+


+----------------------------------+
; Assembler Settings               ;
+--------+---------+---------------+
; Option ; Setting ; Default Value ;
+--------+---------+---------------+


+------------------------------------------------------------------------------------+
; Assembler Generated Files                                                          ;
+------------------------------------------------------------------------------------+
; File Name                                                                          ;
+------------------------------------------------------------------------------------+
; C:/Users/peppa/Desktop/ruppin/digital curcuits final/project/organizer/stopper.sof ;
+------------------------------------------------------------------------------------+


+--------------------------------------------------------------------------------------------------------------+
; Assembler Device Options: C:/Users/peppa/Desktop/ruppin/digital curcuits final/project/organizer/stopper.sof ;
+----------------+---------------------------------------------------------------------------------------------+
; Option         ; Setting                                                                                     ;
+----------------+---------------------------------------------------------------------------------------------+
; Device         ; 5CGXFC7C7F23C8                                                                              ;
; JTAG usercode  ; 0x00F57495                                                                                  ;
; Checksum       ; 0x00F57495                                                                                  ;
+----------------+---------------------------------------------------------------------------------------------+


+--------------------+
; Assembler Messages ;
+--------------------+
Info: *******************************************************************
Info: Running Quartus II 64-Bit Assembler
    Info: Version 14.0.0 Build 200 06/17/2014 SJ Web Edition
    Info: Processing started: Sun Aug 28 01:38:18 2022
Info: Command: quartus_asm --read_settings_files=off --write_settings_files=off stopper -c stopper
Info (115030): Assembler is generating device programming files
Info: Quartus II 64-Bit Assembler was successful. 0 errors, 0 warnings
    Info: Peak virtual memory: 4818 megabytes
    Info: Processing ended: Sun Aug 28 01:38:31 2022
    Info: Elapsed time: 00:00:13
    Info: Total CPU time (on all processors): 00:00:09


