Flow report for stopper
Sun Aug 28 01:38:44 2022
Quartus II 64-Bit Version 14.0.0 Build 200 06/17/2014 SJ Web Edition


---------------------
; Table of Contents ;
---------------------
  1. Legal Notice
  2. Flow Summary
  3. Flow Settings
  4. Flow Non-Default Global Settings
  5. Flow Elapsed Time
  6. Flow OS Summary
  7. Flow Log
  8. Flow Messages
  9. Flow Suppressed Messages



----------------
; Legal Notice ;
----------------
Copyright (C) 1991-2014 Altera Corporation. All rights reserved.
Your use of Altera Corporation's design tools, logic functions 
and other software and tools, and its AMPP partner logic 
functions, and any output files from any of the foregoing 
(including device programming or simulation files), and any 
associated documentation or information are expressly subject 
to the terms and conditions of the Altera Program License 
Subscription Agreement, the Altera Quartus II License Agreement,
the Altera MegaCore Function License Agreement, or other 
applicable license agreement, including, without limitation, 
that your use is for the sole purpose of programming logic 
devices manufactured by Altera and sold by Altera or its 
authorized distributors.  Please refer to the applicable 
agreement for further details.



+------------------------------------------------------------------------------+
; Flow Summary                                                                 ;
+---------------------------------+--------------------------------------------+
; Flow Status                     ; Successful - Sun Aug 28 01:38:44 2022      ;
; Quartus II 64-Bit Version       ; 14.0.0 Build 200 06/17/2014 SJ Web Edition ;
; Revision Name                   ; stopper                                    ;
; Top-level Entity Name           ; periphery                                  ;
; Family                          ; Cyclone V                                  ;
; Device                          ; 5CGXFC7C7F23C8                             ;
; Timing Models                   ; Final                                      ;
; Logic utilization (in ALMs)     ; 336 / 56,480 ( < 1 % )                     ;
; Total registers                 ; 262                                        ;
; Total pins                      ; 42 / 268 ( 16 % )                          ;
; Total virtual pins              ; 0                                          ;
; Total block memory bits         ; 0 / 7,024,640 ( 0 % )                      ;
; Total DSP Blocks                ; 0 / 156 ( 0 % )                            ;
; Total HSSI RX PCSs              ; 0 / 6 ( 0 % )                              ;
; Total HSSI PMA RX Deserializers ; 0 / 6 ( 0 % )                              ;
; Total HSSI TX PCSs              ; 0 / 6 ( 0 % )                              ;
; Total HSSI PMA TX Serializers   ; 0 / 6 ( 0 % )                              ;
; Total PLLs                      ; 0 / 13 ( 0 % )                             ;
; Total DLLs                      ; 0 / 4 ( 0 % )                              ;
+---------------------------------+--------------------------------------------+


+-----------------------------------------+
; Flow Settings                           ;
+-------------------+---------------------+
; Option            ; Setting             ;
+-------------------+---------------------+
; Start date & time ; 08/28/2022 01:37:35 ;
; Main task         ; Compilation         ;
; Revision Name     ; stopper             ;
+-------------------+---------------------+


+---------------------------------------------------------------------------------------------------------------------+
; Flow Non-Default Global Settings                                                                                    ;
+-------------------------------------+--------------------------------+---------------+-------------+----------------+
; Assignment Name                     ; Value                          ; Default Value ; Entity Name ; Section Id     ;
+-------------------------------------+--------------------------------+---------------+-------------+----------------+
; COMPILER_SIGNATURE_ID               ; 26601942201593.166163985402560 ; --            ; --          ; --             ;
; EDA_OUTPUT_DATA_FORMAT              ; Vhdl                           ; --            ; --          ; eda_simulation ;
; EDA_SIMULATION_TOOL                 ; ModelSim-Altera (VHDL)         ; <None>        ; --          ; --             ;
; IP_TOOL_NAME                        ; LPM_ADD_SUB                    ; --            ; --          ; --             ;
; IP_TOOL_NAME                        ; LPM_COUNTER                    ; --            ; --          ; --             ;
; IP_TOOL_NAME                        ; LPM_DIVIDE                     ; --            ; --          ; --             ;
; IP_TOOL_NAME                        ; LPM_CONSTANT                   ; --            ; --          ; --             ;
; IP_TOOL_NAME                        ; LPM_COUNTER                    ; --            ; --          ; --             ;
; IP_TOOL_NAME                        ; LPM_DIVIDE                     ; --            ; --          ; --             ;
; IP_TOOL_NAME                        ; LPM_COUNTER                    ; --            ; --          ; --             ;
; IP_TOOL_NAME                        ; LPM_COUNTER                    ; --            ; --          ; --             ;
; IP_TOOL_NAME                        ; LPM_DECODE                     ; --            ; --          ; --             ;
; IP_TOOL_NAME                        ; LPM_COUNTER                    ; --            ; --          ; --             ;
; IP_TOOL_NAME                        ; LPM_MUX                        ; --            ; --          ; --             ;
; IP_TOOL_NAME                        ; LPM_MUX                        ; --            ; --          ; --             ;
; IP_TOOL_NAME                        ; LPM_MUX                        ; --            ; --          ; --             ;
; IP_TOOL_NAME                        ; LPM_CONSTANT                   ; --            ; --          ; --             ;
; IP_TOOL_NAME                        ; LPM_CONSTANT                   ; --            ; --          ; --             ;
; IP_TOOL_NAME                        ; LPM_ADD_SUB                    ; --            ; --          ; --             ;
; IP_TOOL_VERSION                     ; 9.1                            ; --            ; --          ; --             ;
; IP_TOOL_VERSION                     ; 9.1                            ; --            ; --          ; --             ;
; IP_TOOL_VERSION                     ; 9.1                            ; --            ; --          ; --             ;
; IP_TOOL_VERSION                     ; 9.1                            ; --            ; --          ; --             ;
; IP_TOOL_VERSION                     ; 9.1                            ; --            ; --          ; --             ;
; IP_TOOL_VERSION                     ; 9.1                            ; --            ; --          ; --             ;
; IP_TOOL_VERSION                     ; 9.1                            ; --            ; --          ; --             ;
; IP_TOOL_VERSION                     ; 9.1                            ; --            ; --          ; --             ;
; IP_TOOL_VERSION                     ; 9.1                            ; --            ; --          ; --             ;
; IP_TOOL_VERSION                     ; 9.1                            ; --            ; --          ; --             ;
; IP_TOOL_VERSION                     ; 9.1                            ; --            ; --          ; --             ;
; IP_TOOL_VERSION                     ; 9.1                            ; --            ; --          ; --             ;
; IP_TOOL_VERSION                     ; 9.1                            ; --            ; --          ; --             ;
; IP_TOOL_VERSION                     ; 9.1                            ; --            ; --          ; --             ;
; IP_TOOL_VERSION                     ; 9.1                            ; --            ; --          ; --             ;
; IP_TOOL_VERSION                     ; 9.1                            ; --            ; --          ; --             ;
; MAX_CORE_JUNCTION_TEMP              ; 85                             ; --            ; --          ; --             ;
; MIN_CORE_JUNCTION_TEMP              ; 0                              ; --            ; --          ; --             ;
; MISC_FILE                           ; lpm_add_sub0.bsf               ; --            ; --          ; --             ;
; MISC_FILE                           ; lpm_add_sub0.cmp               ; --            ; --          ; --             ;
; MISC_FILE                           ; lpm_counter4.bsf               ; --            ; --          ; --             ;
; MISC_FILE                           ; lpm_counter4.cmp               ; --            ; --          ; --             ;
; MISC_FILE                           ; lpm_divide0.bsf                ; --            ; --          ; --             ;
; MISC_FILE                           ; lpm_divide0.cmp                ; --            ; --          ; --             ;
; MISC_FILE                           ; lpm_constant0.bsf              ; --            ; --          ; --             ;
; MISC_FILE                           ; lpm_constant0.cmp              ; --            ; --          ; --             ;
; MISC_FILE                           ; lpm_counter5.bsf               ; --            ; --          ; --             ;
; MISC_FILE                           ; lpm_counter5.cmp               ; --            ; --          ; --             ;
; MISC_FILE                           ; lpm_divide1.bsf                ; --            ; --          ; --             ;
; MISC_FILE                           ; lpm_divide1.cmp                ; --            ; --          ; --             ;
; MISC_FILE                           ; lpm_counter6.bsf               ; --            ; --          ; --             ;
; MISC_FILE                           ; lpm_counter6.cmp               ; --            ; --          ; --             ;
; MISC_FILE                           ; stopper.dpf                    ; --            ; --          ; --             ;
; MISC_FILE                           ; lpm_counter0.bsf               ; --            ; --          ; --             ;
; MISC_FILE                           ; lpm_counter0.cmp               ; --            ; --          ; --             ;
; MISC_FILE                           ; lpm_decode0.bsf                ; --            ; --          ; --             ;
; MISC_FILE                           ; lpm_decode0.cmp                ; --            ; --          ; --             ;
; MISC_FILE                           ; lpm_counter1.bsf               ; --            ; --          ; --             ;
; MISC_FILE                           ; lpm_counter1.cmp               ; --            ; --          ; --             ;
; MISC_FILE                           ; lpm_mux0.bsf                   ; --            ; --          ; --             ;
; MISC_FILE                           ; lpm_mux0.cmp                   ; --            ; --          ; --             ;
; MISC_FILE                           ; lpm_mux1.bsf                   ; --            ; --          ; --             ;
; MISC_FILE                           ; lpm_mux1.cmp                   ; --            ; --          ; --             ;
; MISC_FILE                           ; lpm_mux2.bsf                   ; --            ; --          ; --             ;
; MISC_FILE                           ; lpm_mux2.cmp                   ; --            ; --          ; --             ;
; MISC_FILE                           ; lpm_constant1.bsf              ; --            ; --          ; --             ;
; MISC_FILE                           ; lpm_constant1.cmp              ; --            ; --          ; --             ;
; MISC_FILE                           ; lpm_constant2.bsf              ; --            ; --          ; --             ;
; MISC_FILE                           ; lpm_constant2.cmp              ; --            ; --          ; --             ;
; MISC_FILE                           ; lpm_add_sub1.bsf               ; --            ; --          ; --             ;
; MISC_FILE                           ; lpm_add_sub1.cmp               ; --            ; --          ; --             ;
; NOMINAL_CORE_SUPPLY_VOLTAGE         ; 1.2V                           ; --            ; --          ; --             ;
; PARTITION_COLOR                     ; 16764057                       ; --            ; periphery   ; Top            ;
; PARTITION_FITTER_PRESERVATION_LEVEL ; PLACEMENT_AND_ROUTING          ; --            ; periphery   ; Top            ;
; PARTITION_NETLIST_TYPE              ; SOURCE                         ; --            ; periphery   ; Top            ;
; SEARCH_PATH                         ; timer/                         ; --            ; --          ; --             ;
; TOP_LEVEL_ENTITY                    ; periphery                      ; stopper       ; --          ; --             ;
; USE_GENERATED_PHYSICAL_CONSTRAINTS  ; Off                            ; --            ; --          ; eda_blast_fpga ;
; VERILOG_INPUT_VERSION               ; SystemVerilog_2005             ; Verilog_2001  ; --          ; --             ;
; VHDL_INPUT_VERSION                  ; VHDL_2008                      ; VHDL_1993     ; --          ; --             ;
+-------------------------------------+--------------------------------+---------------+-------------+----------------+


+-------------------------------------------------------------------------------------------------------------------------------+
; Flow Elapsed Time                                                                                                             ;
+---------------------------+--------------+-------------------------+---------------------+------------------------------------+
; Module Name               ; Elapsed Time ; Average Processors Used ; Peak Virtual Memory ; Total CPU Time (on all processors) ;
+---------------------------+--------------+-------------------------+---------------------+------------------------------------+
; Analysis & Synthesis      ; 00:00:04     ; 1.0                     ; 4819 MB             ; 00:00:04                           ;
; Fitter                    ; 00:00:36     ; 1.8                     ; 6392 MB             ; 00:00:48                           ;
; Assembler                 ; 00:00:13     ; 1.0                     ; 4818 MB             ; 00:00:09                           ;
; TimeQuest Timing Analyzer ; 00:00:08     ; 1.4                     ; 5139 MB             ; 00:00:08                           ;
; EDA Netlist Writer        ; 00:00:01     ; 1.0                     ; 4682 MB             ; 00:00:01                           ;
; Total                     ; 00:01:02     ; --                      ; --                  ; 00:01:10                           ;
+---------------------------+--------------+-------------------------+---------------------+------------------------------------+


+----------------------------------------------------------------------------------------+
; Flow OS Summary                                                                        ;
+---------------------------+------------------+-----------+------------+----------------+
; Module Name               ; Machine Hostname ; OS Name   ; OS Version ; Processor type ;
+---------------------------+------------------+-----------+------------+----------------+
; Analysis & Synthesis      ; DESKTOP-T0G53EQ  ; Windows 7 ; 6.2        ; x86_64         ;
; Fitter                    ; DESKTOP-T0G53EQ  ; Windows 7 ; 6.2        ; x86_64         ;
; Assembler                 ; DESKTOP-T0G53EQ  ; Windows 7 ; 6.2        ; x86_64         ;
; TimeQuest Timing Analyzer ; DESKTOP-T0G53EQ  ; Windows 7 ; 6.2        ; x86_64         ;
; EDA Netlist Writer        ; DESKTOP-T0G53EQ  ; Windows 7 ; 6.2        ; x86_64         ;
+---------------------------+------------------+-----------+------------+----------------+


------------
; Flow Log ;
------------
quartus_map --read_settings_files=on --write_settings_files=off stopper -c stopper
quartus_fit --read_settings_files=off --write_settings_files=off stopper -c stopper
quartus_asm --read_settings_files=off --write_settings_files=off stopper -c stopper
quartus_sta stopper -c stopper
quartus_eda --read_settings_files=off --write_settings_files=off stopper -c stopper



